{"/Users/mymac/Desktop/PROJECT INDIVIDU/ne/capt-ai-server/app.js": {"path":"/Users/mymac/Desktop/PROJECT INDIVIDU/ne/capt-ai-server/app.js","statementMap":{"0":{"start":{"line":1,"column":0},"end":{"line":1,"column":26}},"1":{"start":{"line":2,"column":16},"end":{"line":2,"column":34}},"2":{"start":{"line":3,"column":15},"end":{"line":3,"column":34}},"3":{"start":{"line":4,"column":21},"end":{"line":4,"column":58}},"4":{"start":{"line":5,"column":13},"end":{"line":5,"column":28}},"5":{"start":{"line":6,"column":12},"end":{"line":6,"column":21}},"6":{"start":{"line":9,"column":0},"end":{"line":9,"column":15}},"7":{"start":{"line":10,"column":0},"end":{"line":10,"column":23}},"8":{"start":{"line":11,"column":0},"end":{"line":11,"column":47}},"9":{"start":{"line":12,"column":0},"end":{"line":12,"column":22}},"10":{"start":{"line":13,"column":0},"end":{"line":13,"column":21}},"11":{"start":{"line":18,"column":0},"end":{"line":18,"column":20}}},"fnMap":{},"branchMap":{},"s":{"0":2,"1":2,"2":2,"3":2,"4":2,"5":2,"6":2,"7":2,"8":2,"9":2,"10":2,"11":2},"f":{},"b":{},"_coverageSchema":"1a1c01bbd47fc00a2c39e90264f33305004495a9","hash":"2e9407edd0a700e94cd605e1a592d62e428f057b"}
,"/Users/mymac/Desktop/PROJECT INDIVIDU/ne/capt-ai-server/controllers/captionController.js": {"path":"/Users/mymac/Desktop/PROJECT INDIVIDU/ne/capt-ai-server/controllers/captionController.js","statementMap":{"0":{"start":{"line":1,"column":15},"end":{"line":1,"column":47}},"1":{"start":{"line":2,"column":18},"end":{"line":2,"column":38}},"2":{"start":{"line":3,"column":24},"end":{"line":3,"column":53}},"3":{"start":{"line":8,"column":8},"end":{"line":52,"column":9}},"4":{"start":{"line":9,"column":43},"end":{"line":9,"column":51}},"5":{"start":{"line":11,"column":12},"end":{"line":13,"column":13}},"6":{"start":{"line":12,"column":16},"end":{"line":12,"column":99}},"7":{"start":{"line":16,"column":12},"end":{"line":18,"column":13}},"8":{"start":{"line":17,"column":16},"end":{"line":17,"column":87}},"9":{"start":{"line":19,"column":34},"end":{"line":19,"column":49}},"10":{"start":{"line":20,"column":29},"end":{"line":23,"column":18}},"11":{"start":{"line":25,"column":31},"end":{"line":25,"column":79}},"12":{"start":{"line":29,"column":34},"end":{"line":33,"column":17}},"13":{"start":{"line":36,"column":28},"end":{"line":44,"column":14}},"14":{"start":{"line":46,"column":12},"end":{"line":46,"column":33}},"15":{"start":{"line":48,"column":12},"end":{"line":48,"column":42}},"16":{"start":{"line":51,"column":12},"end":{"line":51,"column":23}},"17":{"start":{"line":55,"column":8},"end":{"line":66,"column":9}},"18":{"start":{"line":57,"column":28},"end":{"line":59,"column":14}},"19":{"start":{"line":60,"column":12},"end":{"line":60,"column":42}},"20":{"start":{"line":63,"column":12},"end":{"line":63,"column":23}},"21":{"start":{"line":70,"column":8},"end":{"line":83,"column":9}},"22":{"start":{"line":71,"column":25},"end":{"line":71,"column":35}},"23":{"start":{"line":72,"column":28},"end":{"line":74,"column":14}},"24":{"start":{"line":75,"column":12},"end":{"line":77,"column":13}},"25":{"start":{"line":76,"column":15},"end":{"line":76,"column":81}},"26":{"start":{"line":78,"column":12},"end":{"line":78,"column":81}},"27":{"start":{"line":81,"column":12},"end":{"line":81,"column":23}},"28":{"start":{"line":86,"column":8},"end":{"line":114,"column":9}},"29":{"start":{"line":87,"column":25},"end":{"line":87,"column":35}},"30":{"start":{"line":89,"column":28},"end":{"line":91,"column":14}},"31":{"start":{"line":92,"column":12},"end":{"line":94,"column":13}},"32":{"start":{"line":93,"column":15},"end":{"line":93,"column":81}},"33":{"start":{"line":97,"column":25},"end":{"line":101,"column":13}},"34":{"start":{"line":105,"column":12},"end":{"line":105,"column":41}},"35":{"start":{"line":106,"column":12},"end":{"line":106,"column":33}},"36":{"start":{"line":109,"column":12},"end":{"line":109,"column":42}},"37":{"start":{"line":112,"column":12},"end":{"line":112,"column":23}},"38":{"start":{"line":120,"column":0},"end":{"line":120,"column":35}}},"fnMap":{"0":{"name":"(anonymous_0)","decl":{"start":{"line":7,"column":4},"end":{"line":7,"column":5}},"loc":{"start":{"line":7,"column":41},"end":{"line":53,"column":5}},"line":7},"1":{"name":"(anonymous_1)","decl":{"start":{"line":54,"column":4},"end":{"line":54,"column":5}},"loc":{"start":{"line":54,"column":42},"end":{"line":67,"column":5}},"line":54},"2":{"name":"(anonymous_2)","decl":{"start":{"line":69,"column":4},"end":{"line":69,"column":5}},"loc":{"start":{"line":69,"column":44},"end":{"line":84,"column":5}},"line":69},"3":{"name":"(anonymous_3)","decl":{"start":{"line":85,"column":4},"end":{"line":85,"column":5}},"loc":{"start":{"line":85,"column":44},"end":{"line":115,"column":5}},"line":85}},"branchMap":{"0":{"loc":{"start":{"line":11,"column":12},"end":{"line":13,"column":13}},"type":"if","locations":[{"start":{"line":11,"column":12},"end":{"line":13,"column":13}},{"start":{},"end":{}}],"line":11},"1":{"loc":{"start":{"line":11,"column":15},"end":{"line":11,"column":44}},"type":"binary-expr","locations":[{"start":{"line":11,"column":15},"end":{"line":11,"column":22}},{"start":{"line":11,"column":26},"end":{"line":11,"column":31}},{"start":{"line":11,"column":35},"end":{"line":11,"column":44}}],"line":11},"2":{"loc":{"start":{"line":16,"column":12},"end":{"line":18,"column":13}},"type":"if","locations":[{"start":{"line":16,"column":12},"end":{"line":18,"column":13}},{"start":{},"end":{}}],"line":16},"3":{"loc":{"start":{"line":75,"column":12},"end":{"line":77,"column":13}},"type":"if","locations":[{"start":{"line":75,"column":12},"end":{"line":77,"column":13}},{"start":{},"end":{}}],"line":75},"4":{"loc":{"start":{"line":92,"column":12},"end":{"line":94,"column":13}},"type":"if","locations":[{"start":{"line":92,"column":12},"end":{"line":94,"column":13}},{"start":{},"end":{}}],"line":92}},"s":{"0":2,"1":2,"2":2,"3":6,"4":6,"5":6,"6":3,"7":3,"8":1,"9":2,"10":2,"11":2,"12":2,"13":1,"14":1,"15":1,"16":5,"17":1,"18":1,"19":1,"20":0,"21":2,"22":2,"23":2,"24":2,"25":1,"26":1,"27":1,"28":2,"29":2,"30":2,"31":2,"32":1,"33":1,"34":1,"35":1,"36":1,"37":1,"38":2},"f":{"0":6,"1":1,"2":2,"3":2},"b":{"0":[3,3],"1":[6,5,4],"2":[1,2],"3":[1,1],"4":[1,1]},"_coverageSchema":"1a1c01bbd47fc00a2c39e90264f33305004495a9","hash":"cb0b47cfd5ad84e82cf52f4572e4d000d5411cdc"}
,"/Users/mymac/Desktop/PROJECT INDIVIDU/ne/capt-ai-server/controllers/userController.js": {"path":"/Users/mymac/Desktop/PROJECT INDIVIDU/ne/capt-ai-server/controllers/userController.js","statementMap":{"0":{"start":{"line":1,"column":23},"end":{"line":1,"column":53}},"1":{"start":{"line":2,"column":22},"end":{"line":2,"column":47}},"2":{"start":{"line":3,"column":17},"end":{"line":3,"column":37}},"3":{"start":{"line":4,"column":28},"end":{"line":4,"column":56}},"4":{"start":{"line":5,"column":15},"end":{"line":5,"column":33}},"5":{"start":{"line":9,"column":8},"end":{"line":25,"column":9}},"6":{"start":{"line":10,"column":34},"end":{"line":10,"column":42}},"7":{"start":{"line":11,"column":11},"end":{"line":13,"column":12}},"8":{"start":{"line":12,"column":12},"end":{"line":12,"column":94}},"9":{"start":{"line":14,"column":24},"end":{"line":14,"column":59}},"10":{"start":{"line":15,"column":24},"end":{"line":18,"column":12}},"11":{"start":{"line":19,"column":11},"end":{"line":19,"column":39}},"12":{"start":{"line":23,"column":12},"end":{"line":23,"column":23}},"13":{"start":{"line":29,"column":8},"end":{"line":47,"column":9}},"14":{"start":{"line":30,"column":35},"end":{"line":30,"column":43}},"15":{"start":{"line":31,"column":25},"end":{"line":31,"column":60}},"16":{"start":{"line":32,"column":12},"end":{"line":34,"column":13}},"17":{"start":{"line":33,"column":16},"end":{"line":33,"column":82}},"18":{"start":{"line":35,"column":33},"end":{"line":35,"column":78}},"19":{"start":{"line":36,"column":12},"end":{"line":38,"column":13}},"20":{"start":{"line":37,"column":16},"end":{"line":37,"column":82}},"21":{"start":{"line":39,"column":26},"end":{"line":41,"column":16}},"22":{"start":{"line":42,"column":33},"end":{"line":42,"column":51}},"23":{"start":{"line":43,"column":12},"end":{"line":43,"column":48}},"24":{"start":{"line":45,"column":12},"end":{"line":45,"column":23}},"25":{"start":{"line":50,"column":8},"end":{"line":83,"column":9}},"26":{"start":{"line":51,"column":40},"end":{"line":51,"column":51}},"27":{"start":{"line":52,"column":12},"end":{"line":54,"column":13}},"28":{"start":{"line":53,"column":16},"end":{"line":53,"column":98}},"29":{"start":{"line":55,"column":27},"end":{"line":58,"column":14}},"30":{"start":{"line":59,"column":28},"end":{"line":59,"column":47}},"31":{"start":{"line":61,"column":12},"end":{"line":63,"column":13}},"32":{"start":{"line":62,"column":16},"end":{"line":62,"column":98}},"33":{"start":{"line":65,"column":33},"end":{"line":71,"column":14}},"34":{"start":{"line":74,"column":31},"end":{"line":74,"column":54}},"35":{"start":{"line":77,"column":11},"end":{"line":77,"column":47}},"36":{"start":{"line":81,"column":12},"end":{"line":81,"column":23}},"37":{"start":{"line":88,"column":0},"end":{"line":88,"column":32}}},"fnMap":{"0":{"name":"(anonymous_0)","decl":{"start":{"line":8,"column":4},"end":{"line":8,"column":5}},"loc":{"start":{"line":8,"column":39},"end":{"line":26,"column":5}},"line":8},"1":{"name":"(anonymous_1)","decl":{"start":{"line":28,"column":4},"end":{"line":28,"column":5}},"loc":{"start":{"line":28,"column":36},"end":{"line":48,"column":5}},"line":28},"2":{"name":"(anonymous_2)","decl":{"start":{"line":49,"column":4},"end":{"line":49,"column":5}},"loc":{"start":{"line":49,"column":42},"end":{"line":84,"column":5}},"line":49}},"branchMap":{"0":{"loc":{"start":{"line":11,"column":11},"end":{"line":13,"column":12}},"type":"if","locations":[{"start":{"line":11,"column":11},"end":{"line":13,"column":12}},{"start":{},"end":{}}],"line":11},"1":{"loc":{"start":{"line":11,"column":14},"end":{"line":11,"column":33}},"type":"binary-expr","locations":[{"start":{"line":11,"column":14},"end":{"line":11,"column":20}},{"start":{"line":11,"column":24},"end":{"line":11,"column":33}}],"line":11},"2":{"loc":{"start":{"line":32,"column":12},"end":{"line":34,"column":13}},"type":"if","locations":[{"start":{"line":32,"column":12},"end":{"line":34,"column":13}},{"start":{},"end":{}}],"line":32},"3":{"loc":{"start":{"line":36,"column":12},"end":{"line":38,"column":13}},"type":"if","locations":[{"start":{"line":36,"column":12},"end":{"line":38,"column":13}},{"start":{},"end":{}}],"line":36},"4":{"loc":{"start":{"line":52,"column":12},"end":{"line":54,"column":13}},"type":"if","locations":[{"start":{"line":52,"column":12},"end":{"line":54,"column":13}},{"start":{},"end":{}}],"line":52},"5":{"loc":{"start":{"line":61,"column":12},"end":{"line":63,"column":13}},"type":"if","locations":[{"start":{"line":61,"column":12},"end":{"line":63,"column":13}},{"start":{},"end":{}}],"line":61}},"s":{"0":2,"1":2,"2":2,"3":2,"4":2,"5":4,"6":4,"7":4,"8":0,"9":4,"10":1,"11":1,"12":3,"13":3,"14":3,"15":3,"16":3,"17":1,"18":2,"19":2,"20":1,"21":1,"22":1,"23":1,"24":0,"25":0,"26":0,"27":0,"28":0,"29":0,"30":0,"31":0,"32":0,"33":0,"34":0,"35":0,"36":0,"37":2},"f":{"0":4,"1":3,"2":0},"b":{"0":[0,4],"1":[4,4],"2":[1,2],"3":[1,1],"4":[0,0],"5":[0,0]},"_coverageSchema":"1a1c01bbd47fc00a2c39e90264f33305004495a9","hash":"56ea7d23781421900d846b64c6c7621dafa66154"}
,"/Users/mymac/Desktop/PROJECT INDIVIDU/ne/capt-ai-server/helpers/bcrypt.js": {"path":"/Users/mymac/Desktop/PROJECT INDIVIDU/ne/capt-ai-server/helpers/bcrypt.js","statementMap":{"0":{"start":{"line":1,"column":15},"end":{"line":1,"column":34}},"1":{"start":{"line":3,"column":21},"end":{"line":5,"column":1}},"2":{"start":{"line":4,"column":4},"end":{"line":4,"column":41}},"3":{"start":{"line":7,"column":24},"end":{"line":9,"column":1}},"4":{"start":{"line":8,"column":4},"end":{"line":8,"column":46}},"5":{"start":{"line":11,"column":0},"end":{"line":14,"column":1}}},"fnMap":{"0":{"name":"(anonymous_0)","decl":{"start":{"line":3,"column":21},"end":{"line":3,"column":22}},"loc":{"start":{"line":3,"column":35},"end":{"line":5,"column":1}},"line":3},"1":{"name":"(anonymous_1)","decl":{"start":{"line":7,"column":24},"end":{"line":7,"column":25}},"loc":{"start":{"line":7,"column":44},"end":{"line":9,"column":1}},"line":7}},"branchMap":{},"s":{"0":3,"1":3,"2":0,"3":3,"4":3,"5":3},"f":{"0":0,"1":3},"b":{},"_coverageSchema":"1a1c01bbd47fc00a2c39e90264f33305004495a9","hash":"3d2e218d576d0a36cfc6a2f23aa6c304bc83102c"}
,"/Users/mymac/Desktop/PROJECT INDIVIDU/ne/capt-ai-server/helpers/jwt.js": {"path":"/Users/mymac/Desktop/PROJECT INDIVIDU/ne/capt-ai-server/helpers/jwt.js","statementMap":{"0":{"start":{"line":1,"column":12},"end":{"line":1,"column":35}},"1":{"start":{"line":2,"column":19},"end":{"line":2,"column":41}},"2":{"start":{"line":4,"column":16},"end":{"line":6,"column":1}},"3":{"start":{"line":5,"column":4},"end":{"line":5,"column":49}},"4":{"start":{"line":9,"column":18},"end":{"line":11,"column":1}},"5":{"start":{"line":10,"column":4},"end":{"line":10,"column":49}},"6":{"start":{"line":13,"column":0},"end":{"line":16,"column":1}}},"fnMap":{"0":{"name":"(anonymous_0)","decl":{"start":{"line":4,"column":16},"end":{"line":4,"column":17}},"loc":{"start":{"line":4,"column":27},"end":{"line":6,"column":1}},"line":4},"1":{"name":"(anonymous_1)","decl":{"start":{"line":9,"column":18},"end":{"line":9,"column":19}},"loc":{"start":{"line":9,"column":27},"end":{"line":11,"column":1}},"line":9}},"branchMap":{"0":{"loc":{"start":{"line":5,"column":28},"end":{"line":5,"column":48}},"type":"binary-expr","locations":[{"start":{"line":5,"column":28},"end":{"line":5,"column":38}},{"start":{"line":5,"column":40},"end":{"line":5,"column":48}}],"line":5},"1":{"loc":{"start":{"line":10,"column":28},"end":{"line":10,"column":48}},"type":"binary-expr","locations":[{"start":{"line":10,"column":28},"end":{"line":10,"column":38}},{"start":{"line":10,"column":40},"end":{"line":10,"column":48}}],"line":10}},"s":{"0":3,"1":3,"2":3,"3":3,"4":3,"5":1,"6":3},"f":{"0":3,"1":1},"b":{"0":[3,2],"1":[1,1]},"_coverageSchema":"1a1c01bbd47fc00a2c39e90264f33305004495a9","hash":"c9ec2a85b0adb8fe07d28a47a2ebde074831f99d"}
,"/Users/mymac/Desktop/PROJECT INDIVIDU/ne/capt-ai-server/helpers/uploadCare.js": {"path":"/Users/mymac/Desktop/PROJECT INDIVIDU/ne/capt-ai-server/helpers/uploadCare.js","statementMap":{"0":{"start":{"line":1,"column":21},"end":{"line":1,"column":57}},"1":{"start":{"line":3,"column":13},"end":{"line":5,"column":2}},"2":{"start":{"line":7,"column":0},"end":{"line":7,"column":24}}},"fnMap":{},"branchMap":{},"s":{"0":1,"1":1,"2":1},"f":{},"b":{},"_coverageSchema":"1a1c01bbd47fc00a2c39e90264f33305004495a9","hash":"995382b9e618e3eb502326b6c7d6df6393c1fee3"}
,"/Users/mymac/Desktop/PROJECT INDIVIDU/ne/capt-ai-server/middlewares/auth.js": {"path":"/Users/mymac/Desktop/PROJECT INDIVIDU/ne/capt-ai-server/middlewares/auth.js","statementMap":{"0":{"start":{"line":1,"column":22},"end":{"line":1,"column":47}},"1":{"start":{"line":2,"column":15},"end":{"line":2,"column":35}},"2":{"start":{"line":4,"column":23},"end":{"line":24,"column":1}},"3":{"start":{"line":5,"column":4},"end":{"line":23,"column":5}},"4":{"start":{"line":6,"column":30},"end":{"line":6,"column":55}},"5":{"start":{"line":7,"column":8},"end":{"line":9,"column":9}},"6":{"start":{"line":8,"column":12},"end":{"line":8,"column":81}},"7":{"start":{"line":10,"column":22},"end":{"line":10,"column":49}},"8":{"start":{"line":11,"column":29},"end":{"line":11,"column":47}},"9":{"start":{"line":12,"column":21},"end":{"line":12,"column":57}},"10":{"start":{"line":13,"column":8},"end":{"line":15,"column":9}},"11":{"start":{"line":14,"column":12},"end":{"line":14,"column":78}},"12":{"start":{"line":16,"column":8},"end":{"line":19,"column":9}},"13":{"start":{"line":20,"column":8},"end":{"line":20,"column":15}},"14":{"start":{"line":22,"column":8},"end":{"line":22,"column":20}},"15":{"start":{"line":26,"column":0},"end":{"line":26,"column":32}}},"fnMap":{"0":{"name":"(anonymous_0)","decl":{"start":{"line":4,"column":23},"end":{"line":4,"column":24}},"loc":{"start":{"line":4,"column":45},"end":{"line":24,"column":1}},"line":4}},"branchMap":{"0":{"loc":{"start":{"line":7,"column":8},"end":{"line":9,"column":9}},"type":"if","locations":[{"start":{"line":7,"column":8},"end":{"line":9,"column":9}},{"start":{},"end":{}}],"line":7},"1":{"loc":{"start":{"line":13,"column":8},"end":{"line":15,"column":9}},"type":"if","locations":[{"start":{"line":13,"column":8},"end":{"line":15,"column":9}},{"start":{},"end":{}}],"line":13}},"s":{"0":1,"1":1,"2":1,"3":1,"4":1,"5":1,"6":1,"7":0,"8":0,"9":0,"10":0,"11":0,"12":0,"13":0,"14":1,"15":1},"f":{"0":1},"b":{"0":[1,0],"1":[0,0]},"_coverageSchema":"1a1c01bbd47fc00a2c39e90264f33305004495a9","hash":"0d85476001d5675c19652adaf00da687bca0dc59"}
,"/Users/mymac/Desktop/PROJECT INDIVIDU/ne/capt-ai-server/middlewares/errorHandler.js": {"path":"/Users/mymac/Desktop/PROJECT INDIVIDU/ne/capt-ai-server/middlewares/errorHandler.js","statementMap":{"0":{"start":{"line":1,"column":21},"end":{"line":19,"column":1}},"1":{"start":{"line":2,"column":4},"end":{"line":4,"column":5}},"2":{"start":{"line":3,"column":8},"end":{"line":3,"column":69}},"3":{"start":{"line":6,"column":4},"end":{"line":8,"column":5}},"4":{"start":{"line":7,"column":8},"end":{"line":7,"column":58}},"5":{"start":{"line":9,"column":4},"end":{"line":11,"column":5}},"6":{"start":{"line":10,"column":8},"end":{"line":10,"column":58}},"7":{"start":{"line":12,"column":4},"end":{"line":14,"column":5}},"8":{"start":{"line":13,"column":8},"end":{"line":13,"column":58}},"9":{"start":{"line":15,"column":4},"end":{"line":17,"column":5}},"10":{"start":{"line":16,"column":8},"end":{"line":16,"column":58}},"11":{"start":{"line":18,"column":4},"end":{"line":18,"column":66}},"12":{"start":{"line":21,"column":0},"end":{"line":21,"column":30}}},"fnMap":{"0":{"name":"(anonymous_0)","decl":{"start":{"line":1,"column":21},"end":{"line":1,"column":22}},"loc":{"start":{"line":1,"column":41},"end":{"line":19,"column":1}},"line":1}},"branchMap":{"0":{"loc":{"start":{"line":2,"column":4},"end":{"line":4,"column":5}},"type":"if","locations":[{"start":{"line":2,"column":4},"end":{"line":4,"column":5}},{"start":{},"end":{}}],"line":2},"1":{"loc":{"start":{"line":6,"column":4},"end":{"line":8,"column":5}},"type":"if","locations":[{"start":{"line":6,"column":4},"end":{"line":8,"column":5}},{"start":{},"end":{}}],"line":6},"2":{"loc":{"start":{"line":9,"column":4},"end":{"line":11,"column":5}},"type":"if","locations":[{"start":{"line":9,"column":4},"end":{"line":11,"column":5}},{"start":{},"end":{}}],"line":9},"3":{"loc":{"start":{"line":12,"column":4},"end":{"line":14,"column":5}},"type":"if","locations":[{"start":{"line":12,"column":4},"end":{"line":14,"column":5}},{"start":{},"end":{}}],"line":12},"4":{"loc":{"start":{"line":15,"column":4},"end":{"line":17,"column":5}},"type":"if","locations":[{"start":{"line":15,"column":4},"end":{"line":17,"column":5}},{"start":{},"end":{}}],"line":15},"5":{"loc":{"start":{"line":15,"column":7},"end":{"line":15,"column":95}},"type":"binary-expr","locations":[{"start":{"line":15,"column":7},"end":{"line":15,"column":46}},{"start":{"line":15,"column":50},"end":{"line":15,"column":95}}],"line":15}},"s":{"0":2,"1":11,"2":7,"3":4,"4":0,"5":4,"6":0,"7":4,"8":0,"9":4,"10":3,"11":1,"12":2},"f":{"0":11},"b":{"0":[7,4],"1":[0,4],"2":[0,4],"3":[0,4],"4":[3,1],"5":[4,3]},"_coverageSchema":"1a1c01bbd47fc00a2c39e90264f33305004495a9","hash":"1b32f24aedb7cec1486b9e37fd5ffef7bb882b42"}
,"/Users/mymac/Desktop/PROJECT INDIVIDU/ne/capt-ai-server/middlewares/multer.js": {"path":"/Users/mymac/Desktop/PROJECT INDIVIDU/ne/capt-ai-server/middlewares/multer.js","statementMap":{"0":{"start":{"line":1,"column":13},"end":{"line":1,"column":30}},"1":{"start":{"line":2,"column":14},"end":{"line":2,"column":36}},"2":{"start":{"line":3,"column":14},"end":{"line":3,"column":39}},"3":{"start":{"line":5,"column":0},"end":{"line":5,"column":21}}},"fnMap":{},"branchMap":{},"s":{"0":2,"1":2,"2":2,"3":2},"f":{},"b":{},"_coverageSchema":"1a1c01bbd47fc00a2c39e90264f33305004495a9","hash":"469bf858ab074d0e530e0aca701ceb6bc31dbff0"}
,"/Users/mymac/Desktop/PROJECT INDIVIDU/ne/capt-ai-server/models/caption.js": {"path":"/Users/mymac/Desktop/PROJECT INDIVIDU/ne/capt-ai-server/models/caption.js","statementMap":{"0":{"start":{"line":4,"column":4},"end":{"line":4,"column":24}},"1":{"start":{"line":5,"column":0},"end":{"line":78,"column":2}},"2":{"start":{"line":13,"column":6},"end":{"line":17,"column":9}},"3":{"start":{"line":20,"column":2},"end":{"line":76,"column":5}},"4":{"start":{"line":77,"column":2},"end":{"line":77,"column":17}}},"fnMap":{"0":{"name":"(anonymous_0)","decl":{"start":{"line":5,"column":17},"end":{"line":5,"column":18}},"loc":{"start":{"line":5,"column":43},"end":{"line":78,"column":1}},"line":5},"1":{"name":"(anonymous_1)","decl":{"start":{"line":12,"column":4},"end":{"line":12,"column":5}},"loc":{"start":{"line":12,"column":29},"end":{"line":18,"column":5}},"line":12}},"branchMap":{},"s":{"0":2,"1":2,"2":2,"3":2,"4":2},"f":{"0":2,"1":2},"b":{},"_coverageSchema":"1a1c01bbd47fc00a2c39e90264f33305004495a9","hash":"e14dbdffa894c2a36df3f469a409631a75a3d8a3"}
,"/Users/mymac/Desktop/PROJECT INDIVIDU/ne/capt-ai-server/models/index.js": {"path":"/Users/mymac/Desktop/PROJECT INDIVIDU/ne/capt-ai-server/models/index.js","statementMap":{"0":{"start":{"line":3,"column":11},"end":{"line":3,"column":24}},"1":{"start":{"line":4,"column":13},"end":{"line":4,"column":28}},"2":{"start":{"line":5,"column":18},"end":{"line":5,"column":38}},"3":{"start":{"line":6,"column":16},"end":{"line":6,"column":34}},"4":{"start":{"line":7,"column":17},"end":{"line":7,"column":42}},"5":{"start":{"line":8,"column":12},"end":{"line":8,"column":49}},"6":{"start":{"line":9,"column":15},"end":{"line":9,"column":65}},"7":{"start":{"line":10,"column":11},"end":{"line":10,"column":13}},"8":{"start":{"line":13,"column":0},"end":{"line":17,"column":1}},"9":{"start":{"line":14,"column":2},"end":{"line":14,"column":74}},"10":{"start":{"line":16,"column":2},"end":{"line":16,"column":87}},"11":{"start":{"line":19,"column":0},"end":{"line":32,"column":5}},"12":{"start":{"line":22,"column":4},"end":{"line":27,"column":6}},"13":{"start":{"line":30,"column":18},"end":{"line":30,"column":85}},"14":{"start":{"line":31,"column":4},"end":{"line":31,"column":27}},"15":{"start":{"line":34,"column":0},"end":{"line":38,"column":3}},"16":{"start":{"line":35,"column":2},"end":{"line":37,"column":3}},"17":{"start":{"line":36,"column":4},"end":{"line":36,"column":32}},"18":{"start":{"line":40,"column":0},"end":{"line":40,"column":25}},"19":{"start":{"line":41,"column":0},"end":{"line":41,"column":25}},"20":{"start":{"line":43,"column":0},"end":{"line":43,"column":20}}},"fnMap":{"0":{"name":"(anonymous_0)","decl":{"start":{"line":21,"column":10},"end":{"line":21,"column":11}},"loc":{"start":{"line":21,"column":18},"end":{"line":28,"column":3}},"line":21},"1":{"name":"(anonymous_1)","decl":{"start":{"line":29,"column":11},"end":{"line":29,"column":12}},"loc":{"start":{"line":29,"column":19},"end":{"line":32,"column":3}},"line":29},"2":{"name":"(anonymous_2)","decl":{"start":{"line":34,"column":24},"end":{"line":34,"column":25}},"loc":{"start":{"line":34,"column":37},"end":{"line":38,"column":1}},"line":34}},"branchMap":{"0":{"loc":{"start":{"line":8,"column":12},"end":{"line":8,"column":49}},"type":"binary-expr","locations":[{"start":{"line":8,"column":12},"end":{"line":8,"column":32}},{"start":{"line":8,"column":36},"end":{"line":8,"column":49}}],"line":8},"1":{"loc":{"start":{"line":13,"column":0},"end":{"line":17,"column":1}},"type":"if","locations":[{"start":{"line":13,"column":0},"end":{"line":17,"column":1}},{"start":{"line":15,"column":7},"end":{"line":17,"column":1}}],"line":13},"2":{"loc":{"start":{"line":23,"column":6},"end":{"line":26,"column":37}},"type":"binary-expr","locations":[{"start":{"line":23,"column":6},"end":{"line":23,"column":29}},{"start":{"line":24,"column":6},"end":{"line":24,"column":23}},{"start":{"line":25,"column":6},"end":{"line":25,"column":30}},{"start":{"line":26,"column":6},"end":{"line":26,"column":37}}],"line":23},"3":{"loc":{"start":{"line":35,"column":2},"end":{"line":37,"column":3}},"type":"if","locations":[{"start":{"line":35,"column":2},"end":{"line":37,"column":3}},{"start":{},"end":{}}],"line":35}},"s":{"0":2,"1":2,"2":2,"3":2,"4":2,"5":2,"6":2,"7":2,"8":2,"9":0,"10":2,"11":2,"12":6,"13":4,"14":4,"15":2,"16":4,"17":4,"18":2,"19":2,"20":2},"f":{"0":6,"1":4,"2":4},"b":{"0":[2,0],"1":[0,2],"2":[6,6,4,4],"3":[4,0]},"_coverageSchema":"1a1c01bbd47fc00a2c39e90264f33305004495a9","hash":"052384d431f979fcb789e7ea39f8e0fb60cb70cd"}
,"/Users/mymac/Desktop/PROJECT INDIVIDU/ne/capt-ai-server/models/user.js": {"path":"/Users/mymac/Desktop/PROJECT INDIVIDU/ne/capt-ai-server/models/user.js","statementMap":{"0":{"start":{"line":2,"column":15},"end":{"line":2,"column":34}},"1":{"start":{"line":5,"column":4},"end":{"line":5,"column":24}},"2":{"start":{"line":6,"column":0},"end":{"line":60,"column":2}},"3":{"start":{"line":14,"column":6},"end":{"line":18,"column":9}},"4":{"start":{"line":21,"column":2},"end":{"line":55,"column":5}},"5":{"start":{"line":56,"column":3},"end":{"line":58,"column":5}},"6":{"start":{"line":57,"column":4},"end":{"line":57,"column":55}},"7":{"start":{"line":59,"column":2},"end":{"line":59,"column":14}}},"fnMap":{"0":{"name":"(anonymous_0)","decl":{"start":{"line":6,"column":17},"end":{"line":6,"column":18}},"loc":{"start":{"line":6,"column":43},"end":{"line":60,"column":1}},"line":6},"1":{"name":"(anonymous_1)","decl":{"start":{"line":13,"column":4},"end":{"line":13,"column":5}},"loc":{"start":{"line":13,"column":29},"end":{"line":19,"column":5}},"line":13},"2":{"name":"(anonymous_2)","decl":{"start":{"line":56,"column":21},"end":{"line":56,"column":22}},"loc":{"start":{"line":56,"column":31},"end":{"line":58,"column":3}},"line":56}},"branchMap":{},"s":{"0":2,"1":2,"2":2,"3":2,"4":2,"5":2,"6":3,"7":2},"f":{"0":2,"1":2,"2":3},"b":{},"_coverageSchema":"1a1c01bbd47fc00a2c39e90264f33305004495a9","hash":"755404286ec0f22a53e859dd6812bb09d3bcf25a"}
,"/Users/mymac/Desktop/PROJECT INDIVIDU/ne/capt-ai-server/router/caption.js": {"path":"/Users/mymac/Desktop/PROJECT INDIVIDU/ne/capt-ai-server/router/caption.js","statementMap":{"0":{"start":{"line":1,"column":16},"end":{"line":1,"column":34}},"1":{"start":{"line":2,"column":15},"end":{"line":2,"column":31}},"2":{"start":{"line":3,"column":26},"end":{"line":3,"column":69}},"3":{"start":{"line":4,"column":23},"end":{"line":4,"column":53}},"4":{"start":{"line":5,"column":15},"end":{"line":5,"column":47}},"5":{"start":{"line":8,"column":0},"end":{"line":8,"column":26}},"6":{"start":{"line":10,"column":0},"end":{"line":10,"column":70}},"7":{"start":{"line":11,"column":0},"end":{"line":11,"column":46}},"8":{"start":{"line":12,"column":0},"end":{"line":12,"column":54}},"9":{"start":{"line":13,"column":0},"end":{"line":13,"column":51}},"10":{"start":{"line":15,"column":0},"end":{"line":15,"column":23}}},"fnMap":{},"branchMap":{},"s":{"0":2,"1":2,"2":2,"3":2,"4":2,"5":2,"6":2,"7":2,"8":2,"9":2,"10":2},"f":{},"b":{},"_coverageSchema":"1a1c01bbd47fc00a2c39e90264f33305004495a9","hash":"dcfd0e94ec60d6b3c656f295a9a29de7145c9d13"}
,"/Users/mymac/Desktop/PROJECT INDIVIDU/ne/capt-ai-server/router/index.js": {"path":"/Users/mymac/Desktop/PROJECT INDIVIDU/ne/capt-ai-server/router/index.js","statementMap":{"0":{"start":{"line":1,"column":16},"end":{"line":1,"column":34}},"1":{"start":{"line":2,"column":15},"end":{"line":2,"column":31}},"2":{"start":{"line":4,"column":19},"end":{"line":4,"column":36}},"3":{"start":{"line":5,"column":22},"end":{"line":5,"column":42}},"4":{"start":{"line":7,"column":0},"end":{"line":7,"column":32}},"5":{"start":{"line":8,"column":0},"end":{"line":8,"column":38}},"6":{"start":{"line":10,"column":0},"end":{"line":10,"column":23}}},"fnMap":{},"branchMap":{},"s":{"0":2,"1":2,"2":2,"3":2,"4":2,"5":2,"6":2},"f":{},"b":{},"_coverageSchema":"1a1c01bbd47fc00a2c39e90264f33305004495a9","hash":"7a40b4f4a591d4a8fd063fdf6ce104fb756e3749"}
,"/Users/mymac/Desktop/PROJECT INDIVIDU/ne/capt-ai-server/router/user.js": {"path":"/Users/mymac/Desktop/PROJECT INDIVIDU/ne/capt-ai-server/router/user.js","statementMap":{"0":{"start":{"line":1,"column":16},"end":{"line":1,"column":34}},"1":{"start":{"line":2,"column":15},"end":{"line":2,"column":31}},"2":{"start":{"line":3,"column":23},"end":{"line":3,"column":63}},"3":{"start":{"line":5,"column":0},"end":{"line":5,"column":43}},"4":{"start":{"line":6,"column":0},"end":{"line":6,"column":56}},"5":{"start":{"line":7,"column":0},"end":{"line":7,"column":49}},"6":{"start":{"line":9,"column":0},"end":{"line":9,"column":23}}},"fnMap":{},"branchMap":{},"s":{"0":2,"1":2,"2":2,"3":2,"4":2,"5":2,"6":2},"f":{},"b":{},"_coverageSchema":"1a1c01bbd47fc00a2c39e90264f33305004495a9","hash":"dc05a51eee7dc7f10b8fa5518bd1d05503c05f2a"}
}
