TN:
SF:app.js
FNF:0
FNH:0
DA:1,2
DA:2,2
DA:3,2
DA:4,2
DA:5,2
DA:6,2
DA:9,2
DA:10,2
DA:11,2
DA:12,2
DA:13,2
DA:18,2
LF:12
LH:12
BRF:0
BRH:0
end_of_record
TN:
SF:controllers/captionController.js
FN:7,(anonymous_0)
FN:54,(anonymous_1)
FN:69,(anonymous_2)
FN:85,(anonymous_3)
FNF:4
FNH:4
FNDA:6,(anonymous_0)
FNDA:1,(anonymous_1)
FNDA:2,(anonymous_2)
FNDA:2,(anonymous_3)
DA:1,2
DA:2,2
DA:3,2
DA:8,6
DA:9,6
DA:11,6
DA:12,3
DA:16,3
DA:17,1
DA:19,2
DA:20,2
DA:25,2
DA:29,2
DA:36,1
DA:46,1
DA:48,1
DA:51,5
DA:55,1
DA:57,1
DA:60,1
DA:63,0
DA:70,2
DA:71,2
DA:72,2
DA:75,2
DA:76,1
DA:78,1
DA:81,1
DA:86,2
DA:87,2
DA:89,2
DA:92,2
DA:93,1
DA:97,1
DA:105,1
DA:106,1
DA:109,1
DA:112,1
DA:120,2
LF:39
LH:38
BRDA:11,0,0,3
BRDA:11,0,1,3
BRDA:11,1,0,6
BRDA:11,1,1,5
BRDA:11,1,2,4
BRDA:16,2,0,1
BRDA:16,2,1,2
BRDA:75,3,0,1
BRDA:75,3,1,1
BRDA:92,4,0,1
BRDA:92,4,1,1
BRF:11
BRH:11
end_of_record
TN:
SF:controllers/userController.js
FN:8,(anonymous_0)
FN:28,(anonymous_1)
FN:49,(anonymous_2)
FNF:3
FNH:2
FNDA:4,(anonymous_0)
FNDA:3,(anonymous_1)
FNDA:0,(anonymous_2)
DA:1,2
DA:2,2
DA:3,2
DA:4,2
DA:5,2
DA:9,4
DA:10,4
DA:11,4
DA:12,0
DA:14,4
DA:15,1
DA:19,1
DA:23,3
DA:29,3
DA:30,3
DA:31,3
DA:32,3
DA:33,1
DA:35,2
DA:36,2
DA:37,1
DA:39,1
DA:42,1
DA:43,1
DA:45,0
DA:50,0
DA:51,0
DA:52,0
DA:53,0
DA:55,0
DA:59,0
DA:61,0
DA:62,0
DA:65,0
DA:74,0
DA:77,0
DA:81,0
DA:88,2
LF:38
LH:24
BRDA:11,0,0,0
BRDA:11,0,1,4
BRDA:11,1,0,4
BRDA:11,1,1,4
BRDA:32,2,0,1
BRDA:32,2,1,2
BRDA:36,3,0,1
BRDA:36,3,1,1
BRDA:52,4,0,0
BRDA:52,4,1,0
BRDA:61,5,0,0
BRDA:61,5,1,0
BRF:12
BRH:7
end_of_record
TN:
SF:helpers/bcrypt.js
FN:3,(anonymous_0)
FN:7,(anonymous_1)
FNF:2
FNH:1
FNDA:0,(anonymous_0)
FNDA:3,(anonymous_1)
DA:1,3
DA:3,3
DA:4,0
DA:7,3
DA:8,3
DA:11,3
LF:6
LH:5
BRF:0
BRH:0
end_of_record
TN:
SF:helpers/jwt.js
FN:4,(anonymous_0)
FN:9,(anonymous_1)
FNF:2
FNH:2
FNDA:3,(anonymous_0)
FNDA:1,(anonymous_1)
DA:1,3
DA:2,3
DA:4,3
DA:5,3
DA:9,3
DA:10,1
DA:13,3
LF:7
LH:7
BRDA:5,0,0,3
BRDA:5,0,1,2
BRDA:10,1,0,1
BRDA:10,1,1,1
BRF:4
BRH:4
end_of_record
TN:
SF:helpers/uploadCare.js
FNF:0
FNH:0
DA:1,1
DA:3,1
DA:7,1
LF:3
LH:3
BRF:0
BRH:0
end_of_record
TN:
SF:middlewares/auth.js
FN:4,(anonymous_0)
FNF:1
FNH:1
FNDA:1,(anonymous_0)
DA:1,1
DA:2,1
DA:4,1
DA:5,1
DA:6,1
DA:7,1
DA:8,1
DA:10,0
DA:11,0
DA:12,0
DA:13,0
DA:14,0
DA:16,0
DA:20,0
DA:22,1
DA:26,1
LF:16
LH:9
BRDA:7,0,0,1
BRDA:7,0,1,0
BRDA:13,1,0,0
BRDA:13,1,1,0
BRF:4
BRH:1
end_of_record
TN:
SF:middlewares/errorHandler.js
FN:1,(anonymous_0)
FNF:1
FNH:1
FNDA:11,(anonymous_0)
DA:1,2
DA:2,11
DA:3,7
DA:6,4
DA:7,0
DA:9,4
DA:10,0
DA:12,4
DA:13,0
DA:15,4
DA:16,3
DA:18,1
DA:21,2
LF:13
LH:10
BRDA:2,0,0,7
BRDA:2,0,1,4
BRDA:6,1,0,0
BRDA:6,1,1,4
BRDA:9,2,0,0
BRDA:9,2,1,4
BRDA:12,3,0,0
BRDA:12,3,1,4
BRDA:15,4,0,3
BRDA:15,4,1,1
BRDA:15,5,0,4
BRDA:15,5,1,3
BRF:12
BRH:9
end_of_record
TN:
SF:middlewares/multer.js
FNF:0
FNH:0
DA:1,2
DA:2,2
DA:3,2
DA:5,2
LF:4
LH:4
BRF:0
BRH:0
end_of_record
TN:
SF:models/caption.js
FN:5,(anonymous_0)
FN:12,(anonymous_1)
FNF:2
FNH:2
FNDA:2,(anonymous_0)
FNDA:2,(anonymous_1)
DA:4,2
DA:5,2
DA:13,2
DA:20,2
DA:77,2
LF:5
LH:5
BRF:0
BRH:0
end_of_record
TN:
SF:models/index.js
FN:21,(anonymous_0)
FN:29,(anonymous_1)
FN:34,(anonymous_2)
FNF:3
FNH:3
FNDA:6,(anonymous_0)
FNDA:4,(anonymous_1)
FNDA:4,(anonymous_2)
DA:3,2
DA:4,2
DA:5,2
DA:6,2
DA:7,2
DA:8,2
DA:9,2
DA:10,2
DA:13,2
DA:14,0
DA:16,2
DA:19,2
DA:22,6
DA:30,4
DA:31,4
DA:34,2
DA:35,4
DA:36,4
DA:40,2
DA:41,2
DA:43,2
LF:21
LH:20
BRDA:8,0,0,2
BRDA:8,0,1,0
BRDA:13,1,0,0
BRDA:13,1,1,2
BRDA:23,2,0,6
BRDA:23,2,1,6
BRDA:23,2,2,4
BRDA:23,2,3,4
BRDA:35,3,0,4
BRDA:35,3,1,0
BRF:10
BRH:7
end_of_record
TN:
SF:models/user.js
FN:6,(anonymous_0)
FN:13,(anonymous_1)
FN:56,(anonymous_2)
FNF:3
FNH:3
FNDA:2,(anonymous_0)
FNDA:2,(anonymous_1)
FNDA:3,(anonymous_2)
DA:2,2
DA:5,2
DA:6,2
DA:14,2
DA:21,2
DA:56,2
DA:57,3
DA:59,2
LF:8
LH:8
BRF:0
BRH:0
end_of_record
TN:
SF:router/caption.js
FNF:0
FNH:0
DA:1,2
DA:2,2
DA:3,2
DA:4,2
DA:5,2
DA:8,2
DA:10,2
DA:11,2
DA:12,2
DA:13,2
DA:15,2
LF:11
LH:11
BRF:0
BRH:0
end_of_record
TN:
SF:router/index.js
FNF:0
FNH:0
DA:1,2
DA:2,2
DA:4,2
DA:5,2
DA:7,2
DA:8,2
DA:10,2
LF:7
LH:7
BRF:0
BRH:0
end_of_record
TN:
SF:router/user.js
FNF:0
FNH:0
DA:1,2
DA:2,2
DA:3,2
DA:5,2
DA:6,2
DA:7,2
DA:9,2
LF:7
LH:7
BRF:0
BRH:0
end_of_record
